[debug] [2022-02-27T09:37:32.365Z] ----------------------------------------------------------------------
[debug] [2022-02-27T09:37:32.368Z] Command:       C:\Program Files\nodejs\node.exe C:\Users\vale_\AppData\Roaming\npm\node_modules\firebase-tools\lib\bin\firebase.js emulators:start
[debug] [2022-02-27T09:37:32.369Z] CLI Version:   10.2.1
[debug] [2022-02-27T09:37:32.369Z] Platform:      win32
[debug] [2022-02-27T09:37:32.369Z] Node Version:  v16.13.2
[debug] [2022-02-27T09:37:32.374Z] Time:          Sun Feb 27 2022 10:37:32 GMT+0100 (Ora standard dell’Europa centrale)
[debug] [2022-02-27T09:37:32.374Z] ----------------------------------------------------------------------
[debug] 
[debug] [2022-02-27T09:37:32.448Z] > command requires scopes: ["email","openid","https://www.googleapis.com/auth/cloudplatformprojects.readonly","https://www.googleapis.com/auth/firebase","https://www.googleapis.com/auth/cloud-platform"]
[debug] [2022-02-27T09:37:32.449Z] > authorizing via signed-in user (valentino.vitalelollo@gmail.com)
[info] i  emulators: Starting emulators: functions, hosting {"metadata":{"emulator":{"name":"hub"},"message":"Starting emulators: functions, hosting"}}
[debug] [2022-02-27T09:37:32.493Z] [hub] writing locator at C:\Users\vale_\AppData\Local\Temp\hub-clone-4dbed.json
[warn] !  functions: The following emulators are not running, calls to these services from the Functions emulator will affect production: auth, firestore, database, pubsub, storage {"metadata":{"emulator":{"name":"functions"},"message":"The following emulators are not running, calls to these services from the Functions emulator will affect production: \u001b[1mauth, firestore, database, pubsub, storage\u001b[22m"}}
[info] +  functions: Using node@16 from host. {"metadata":{"emulator":{"name":"functions"},"message":"Using node@16 from host."}}
[debug] [2022-02-27T09:37:32.779Z] defaultcredentials: writing to file C:\Users\vale_\AppData\Roaming\firebase\valentino_vitalelollo_gmail.com_application_default_credentials.json
[debug] [2022-02-27T09:37:32.782Z] Setting GAC to C:\Users\vale_\AppData\Roaming\firebase\valentino_vitalelollo_gmail.com_application_default_credentials.json {"metadata":{"emulator":{"name":"functions"},"message":"Setting GAC to C:\\Users\\vale_\\AppData\\Roaming\\firebase\\valentino_vitalelollo_gmail.com_application_default_credentials.json"}}
[debug] [2022-02-27T09:37:32.785Z] > refreshing access token with scopes: []
[debug] [2022-02-27T09:37:32.785Z] >>> HTTP REQUEST POST https://www.googleapis.com/oauth2/v3/token  
 <request body omitted>
[debug] [2022-02-27T09:37:32.893Z] <<< HTTP RESPONSE 200 {"expires":"Mon, 01 Jan 1990 00:00:00 GMT","date":"Sun, 27 Feb 2022 09:37:33 GMT","cache-control":"no-cache, no-store, max-age=0, must-revalidate","pragma":"no-cache","content-type":"application/json; charset=utf-8","vary":"X-Origin, Referer, Origin,Accept-Encoding","server":"scaffolding on HTTPServer2","x-xss-protection":"0","x-frame-options":"SAMEORIGIN","x-content-type-options":"nosniff","alt-svc":"h3=\":443\"; ma=2592000,h3-29=\":443\"; ma=2592000,h3-Q050=\":443\"; ma=2592000,h3-Q046=\":443\"; ma=2592000,h3-Q043=\":443\"; ma=2592000,quic=\":443\"; ma=2592000; v=\"46,43\"","accept-ranges":"none","transfer-encoding":"chunked"}
[debug] [2022-02-27T09:37:32.901Z] >>> [apiv2][query] GET https://firebase.googleapis.com/v1beta1/projects/clone-4dbed/adminSdkConfig [none]
[debug] [2022-02-27T09:37:33.165Z] <<< [apiv2][status] GET https://firebase.googleapis.com/v1beta1/projects/clone-4dbed/adminSdkConfig 200
[debug] [2022-02-27T09:37:33.166Z] <<< [apiv2][body] GET https://firebase.googleapis.com/v1beta1/projects/clone-4dbed/adminSdkConfig {"projectId":"clone-4dbed","storageBucket":"clone-4dbed.appspot.com"}
[debug] [2022-02-27T09:37:33.181Z] >>> [apiv2][query] GET https://firebasehosting.googleapis.com/v1beta1/projects/clone-4dbed/sites 
[debug] [2022-02-27T09:37:34.051Z] <<< [apiv2][status] GET https://firebasehosting.googleapis.com/v1beta1/projects/clone-4dbed/sites 200
[debug] [2022-02-27T09:37:34.051Z] <<< [apiv2][body] GET https://firebasehosting.googleapis.com/v1beta1/projects/clone-4dbed/sites {"sites":[{"name":"projects/686229376526/sites/clone-4dbed","defaultUrl":"https://clone-4dbed.web.app","appId":"1:686229376526:web:d423407108a6c905f5b65f","type":"DEFAULT_SITE"}]}
[debug] [2022-02-27T09:37:34.051Z] >>> [apiv2][query] GET https://firebase.googleapis.com/v1beta1/projects/clone-4dbed/webApps/1:686229376526:web:d423407108a6c905f5b65f/config [none]
[debug] [2022-02-27T09:37:34.945Z] <<< [apiv2][status] GET https://firebase.googleapis.com/v1beta1/projects/clone-4dbed/webApps/1:686229376526:web:d423407108a6c905f5b65f/config 200
[debug] [2022-02-27T09:37:34.946Z] <<< [apiv2][body] GET https://firebase.googleapis.com/v1beta1/projects/clone-4dbed/webApps/1:686229376526:web:d423407108a6c905f5b65f/config {"projectId":"clone-4dbed","appId":"1:686229376526:web:d423407108a6c905f5b65f","storageBucket":"clone-4dbed.appspot.com","apiKey":"AIzaSyDGyrA8lGPFIFDMFCjBBr1N64kYGh3mEwk","authDomain":"clone-4dbed.firebaseapp.com","messagingSenderId":"686229376526","measurementId":"G-GVCYL5SETE"}
[info] i  hosting: Serving hosting files from: build {"metadata":{"emulator":{"name":"hosting"},"message":"Serving hosting files from: \u001b[1mbuild\u001b[22m"}}
[info] +  hosting: Local server: http://localhost:5000 {"metadata":{"emulator":{"name":"hosting"},"message":"Local server: \u001b[4m\u001b[1mhttp://localhost:5000\u001b[22m\u001b[24m"}}
[debug] [2022-02-27T09:37:35.013Z] Ignoring unsupported arg: auto_download {"metadata":{"emulator":{"name":"ui"},"message":"Ignoring unsupported arg: auto_download"}}
[debug] [2022-02-27T09:37:35.014Z] Ignoring unsupported arg: port {"metadata":{"emulator":{"name":"ui"},"message":"Ignoring unsupported arg: port"}}
[debug] [2022-02-27T09:37:35.014Z] Starting Emulator UI with command {"binary":"node","args":["C:\\Users\\vale_\\.cache\\firebase\\emulators\\ui-v1.6.5\\server.bundle.js"],"optionalArgs":[],"joinArgs":false} {"metadata":{"emulator":{"name":"ui"},"message":"Starting Emulator UI with command {\"binary\":\"node\",\"args\":[\"C:\\\\Users\\\\vale_\\\\.cache\\\\firebase\\\\emulators\\\\ui-v1.6.5\\\\server.bundle.js\"],\"optionalArgs\":[],\"joinArgs\":false}"}}
[info] i  ui: Emulator UI logging to ui-debug.log {"metadata":{"emulator":{"name":"ui"},"message":"Emulator UI logging to \u001b[1mui-debug.log\u001b[22m"}}
[debug] [2022-02-27T09:37:35.197Z] Web / API server started at localhost:4000
 {"metadata":{"emulator":{"name":"ui"},"message":"Web / API server started at localhost:4000\n"}}
[info] i  functions: Watching "C:\Users\vale_\Desktop\Programmi\Programmazione\progettoamazon\amazonclone\functions" for Cloud Functions... {"metadata":{"emulator":{"name":"functions"},"message":"Watching \"C:\\Users\\vale_\\Desktop\\Programmi\\Programmazione\\progettoamazon\\amazonclone\\functions\" for Cloud Functions..."}}
[debug] [2022-02-27T09:37:35.319Z] Validating nodejs source
[debug] [2022-02-27T09:37:38.521Z] > [functions] package.json contents: {
  "name": "functions",
  "description": "Cloud Functions for Firebase",
  "scripts": {
    "lint": "eslint .",
    "serve": "firebase emulators:start --only functions",
    "shell": "firebase functions:shell",
    "start": "npm run shell",
    "deploy": "firebase deploy --only functions",
    "logs": "firebase functions:log"
  },
  "engines": {
    "node": "16"
  },
  "main": "index.js",
  "dependencies": {
    "cors": "^2.8.5",
    "express": "^4.17.3",
    "firebase-admin": "^9.8.0",
    "firebase-functions": "^3.14.1",
    "stripe": "^8.205.0"
  },
  "devDependencies": {
    "eslint": "^7.6.0",
    "eslint-config-google": "^0.14.0",
    "firebase-functions-test": "^0.2.0"
  },
  "private": true
}
[debug] [2022-02-27T09:37:38.522Z] Building nodejs source
[debug] [2022-02-27T09:37:38.522Z] Analyzing nodejs backend spec
[info] +  functions[us-central1-api]: http function initialized (http://localhost:5001/clone-4dbed/us-central1/api). {"metadata":{"emulator":{"name":"functions"},"message":"\u001b[1mhttp\u001b[22m function initialized (http://localhost:5001/clone-4dbed/us-central1/api)."}}
[info] 
┌─────────────────────────────────────────────────────────────┐
│ ✔  All emulators ready! It is now safe to connect your app. │
│ i  View Emulator UI at http://localhost:4000                │
└─────────────────────────────────────────────────────────────┘

┌───────────┬────────────────┬─────────────────────────────────┐
│ Emulator  │ Host:Port      │ View in Emulator UI             │
├───────────┼────────────────┼─────────────────────────────────┤
│ Functions │ localhost:5001 │ http://localhost:4000/functions │
├───────────┼────────────────┼─────────────────────────────────┤
│ Hosting   │ localhost:5000 │ n/a                             │
└───────────┴────────────────┴─────────────────────────────────┘
  Emulator Hub running at localhost:4400
  Other reserved ports: 4500

Issues? Report them at https://github.com/firebase/firebase-tools/issues and attach the *-debug.log files.
 
[debug] [2022-02-27T09:38:23.714Z] [work-queue] {"queueLength":1,"workRunningCount":0}
[debug] [2022-02-27T09:38:23.715Z] [work-queue] {"queueLength":0,"workRunningCount":1}
[debug] [2022-02-27T09:38:23.716Z] Accepted request GET /clone-4dbed/us-central1/api --> us-central1-api
[debug] [2022-02-27T09:38:23.734Z] [worker-pool] addWorker(us-central1-api) {"metadata":{"emulator":{"name":"functions"},"message":"[worker-pool] addWorker(us-central1-api)"}}
[debug] [2022-02-27T09:38:23.734Z] [worker-pool] Adding worker with key us-central1-api, total=1 {"metadata":{"emulator":{"name":"functions"},"message":"[worker-pool] Adding worker with key us-central1-api, total=1"}}
[debug] [2022-02-27T09:38:23.734Z] [worker-pool] submitWork(triggerId=us-central1-api) {"metadata":{"emulator":{"name":"functions"},"message":"[worker-pool] submitWork(triggerId=us-central1-api)"}}
[debug] [2022-02-27T09:38:23.735Z] [worker-us-central1-api-4edf5eab-2f6e-4f59-a440-5e29e50b0fee]: Assigning socketPath: \\?\pipe\C:\Users\vale_\Desktop\Programmi\Programmazione\progettoamazon\amazonclone\functions\4876 {"metadata":{"emulator":{"name":"functions"},"message":"[worker-us-central1-api-4edf5eab-2f6e-4f59-a440-5e29e50b0fee]: Assigning socketPath: \\\\?\\pipe\\C:\\Users\\vale_\\Desktop\\Programmi\\Programmazione\\progettoamazon\\amazonclone\\functions\\4876"}}
[debug] [2022-02-27T09:38:23.735Z] [worker-us-central1-api-4edf5eab-2f6e-4f59-a440-5e29e50b0fee]: BUSY {"metadata":{"emulator":{"name":"functions"},"message":"[worker-us-central1-api-4edf5eab-2f6e-4f59-a440-5e29e50b0fee]: BUSY"}}
[debug] [2022-02-27T09:38:25.074Z] [runtime-status] [4876] Functions runtime initialized. {"cwd":"C:\\Users\\vale_\\Desktop\\Programmi\\Programmazione\\progettoamazon\\amazonclone\\functions","node_version":"16.13.2"} {"metadata":{"emulator":{"name":"functions"},"function":{"name":"us-central1-api"},"message":"[runtime-status] [4876] Functions runtime initialized. {\"cwd\":\"C:\\\\Users\\\\vale_\\\\Desktop\\\\Programmi\\\\Programmazione\\\\progettoamazon\\\\amazonclone\\\\functions\",\"node_version\":\"16.13.2\"}"}}
[debug] [2022-02-27T09:38:25.075Z] [runtime-status] [4876] Disabled runtime features: undefined {"metadata":{"emulator":{"name":"functions"},"function":{"name":"us-central1-api"},"message":"[runtime-status] [4876] Disabled runtime features: undefined"}}
[debug] [2022-02-27T09:38:25.080Z] [runtime-status] [4876] Resolved module firebase-admin {"declared":true,"installed":true,"version":"9.12.0","resolution":"C:\\Users\\vale_\\Desktop\\Programmi\\Programmazione\\progettoamazon\\amazonclone\\functions\\node_modules\\firebase-admin\\lib\\index.js"} {"metadata":{"emulator":{"name":"functions"},"function":{"name":"us-central1-api"},"message":"[runtime-status] [4876] Resolved module firebase-admin {\"declared\":true,\"installed\":true,\"version\":\"9.12.0\",\"resolution\":\"C:\\\\Users\\\\vale_\\\\Desktop\\\\Programmi\\\\Programmazione\\\\progettoamazon\\\\amazonclone\\\\functions\\\\node_modules\\\\firebase-admin\\\\lib\\\\index.js\"}"}}
[debug] [2022-02-27T09:38:25.082Z] [runtime-status] [4876] Resolved module firebase-functions {"declared":true,"installed":true,"version":"3.18.1","resolution":"C:\\Users\\vale_\\Desktop\\Programmi\\Programmazione\\progettoamazon\\amazonclone\\functions\\node_modules\\firebase-functions\\lib\\index.js"} {"metadata":{"emulator":{"name":"functions"},"function":{"name":"us-central1-api"},"message":"[runtime-status] [4876] Resolved module firebase-functions {\"declared\":true,\"installed\":true,\"version\":\"3.18.1\",\"resolution\":\"C:\\\\Users\\\\vale_\\\\Desktop\\\\Programmi\\\\Programmazione\\\\progettoamazon\\\\amazonclone\\\\functions\\\\node_modules\\\\firebase-functions\\\\lib\\\\index.js\"}"}}
[debug] [2022-02-27T09:38:25.083Z] [runtime-status] [4876] Outgoing network have been stubbed. [{"name":"http","status":"mocked"},{"name":"http","status":"mocked"},{"name":"https","status":"mocked"},{"name":"https","status":"mocked"},{"name":"net","status":"mocked"}] {"metadata":{"emulator":{"name":"functions"},"function":{"name":"us-central1-api"},"message":"[runtime-status] [4876] Outgoing network have been stubbed. [{\"name\":\"http\",\"status\":\"mocked\"},{\"name\":\"http\",\"status\":\"mocked\"},{\"name\":\"https\",\"status\":\"mocked\"},{\"name\":\"https\",\"status\":\"mocked\"},{\"name\":\"net\",\"status\":\"mocked\"}]"}}
[debug] [2022-02-27T09:38:25.084Z] [runtime-status] [4876] Resolved module firebase-functions {"declared":true,"installed":true,"version":"3.18.1","resolution":"C:\\Users\\vale_\\Desktop\\Programmi\\Programmazione\\progettoamazon\\amazonclone\\functions\\node_modules\\firebase-functions\\lib\\index.js"} {"metadata":{"emulator":{"name":"functions"},"function":{"name":"us-central1-api"},"message":"[runtime-status] [4876] Resolved module firebase-functions {\"declared\":true,\"installed\":true,\"version\":\"3.18.1\",\"resolution\":\"C:\\\\Users\\\\vale_\\\\Desktop\\\\Programmi\\\\Programmazione\\\\progettoamazon\\\\amazonclone\\\\functions\\\\node_modules\\\\firebase-functions\\\\lib\\\\index.js\"}"}}
[debug] [2022-02-27T09:38:25.148Z] [runtime-status] [4876] Checked functions.config() {"config":{}} {"metadata":{"emulator":{"name":"functions"},"function":{"name":"us-central1-api"},"message":"[runtime-status] [4876] Checked functions.config() {\"config\":{}}"}}
[debug] [2022-02-27T09:38:25.148Z] [runtime-status] [4876] firebase-functions has been stubbed. {"functionsResolution":{"declared":true,"installed":true,"version":"3.18.1","resolution":"C:\\Users\\vale_\\Desktop\\Programmi\\Programmazione\\progettoamazon\\amazonclone\\functions\\node_modules\\firebase-functions\\lib\\index.js"}} {"metadata":{"emulator":{"name":"functions"},"function":{"name":"us-central1-api"},"message":"[runtime-status] [4876] firebase-functions has been stubbed. {\"functionsResolution\":{\"declared\":true,\"installed\":true,\"version\":\"3.18.1\",\"resolution\":\"C:\\\\Users\\\\vale_\\\\Desktop\\\\Programmi\\\\Programmazione\\\\progettoamazon\\\\amazonclone\\\\functions\\\\node_modules\\\\firebase-functions\\\\lib\\\\index.js\"}}"}}
[debug] [2022-02-27T09:38:25.150Z] [runtime-status] [4876] Resolved module firebase-functions {"declared":true,"installed":true,"version":"3.18.1","resolution":"C:\\Users\\vale_\\Desktop\\Programmi\\Programmazione\\progettoamazon\\amazonclone\\functions\\node_modules\\firebase-functions\\lib\\index.js"} {"metadata":{"emulator":{"name":"functions"},"function":{"name":"us-central1-api"},"message":"[runtime-status] [4876] Resolved module firebase-functions {\"declared\":true,\"installed\":true,\"version\":\"3.18.1\",\"resolution\":\"C:\\\\Users\\\\vale_\\\\Desktop\\\\Programmi\\\\Programmazione\\\\progettoamazon\\\\amazonclone\\\\functions\\\\node_modules\\\\firebase-functions\\\\lib\\\\index.js\"}"}}
[debug] [2022-02-27T09:38:25.151Z] [runtime-status] [4876] Resolved module firebase-admin {"declared":true,"installed":true,"version":"9.12.0","resolution":"C:\\Users\\vale_\\Desktop\\Programmi\\Programmazione\\progettoamazon\\amazonclone\\functions\\node_modules\\firebase-admin\\lib\\index.js"} {"metadata":{"emulator":{"name":"functions"},"function":{"name":"us-central1-api"},"message":"[runtime-status] [4876] Resolved module firebase-admin {\"declared\":true,\"installed\":true,\"version\":\"9.12.0\",\"resolution\":\"C:\\\\Users\\\\vale_\\\\Desktop\\\\Programmi\\\\Programmazione\\\\progettoamazon\\\\amazonclone\\\\functions\\\\node_modules\\\\firebase-admin\\\\lib\\\\index.js\"}"}}
[debug] [2022-02-27T09:38:25.152Z] [runtime-status] [4876] Resolved module firebase-functions {"declared":true,"installed":true,"version":"3.18.1","resolution":"C:\\Users\\vale_\\Desktop\\Programmi\\Programmazione\\progettoamazon\\amazonclone\\functions\\node_modules\\firebase-functions\\lib\\index.js"} {"metadata":{"emulator":{"name":"functions"},"function":{"name":"us-central1-api"},"message":"[runtime-status] [4876] Resolved module firebase-functions {\"declared\":true,\"installed\":true,\"version\":\"3.18.1\",\"resolution\":\"C:\\\\Users\\\\vale_\\\\Desktop\\\\Programmi\\\\Programmazione\\\\progettoamazon\\\\amazonclone\\\\functions\\\\node_modules\\\\firebase-functions\\\\lib\\\\index.js\"}"}}
[debug] [2022-02-27T09:38:25.153Z] [runtime-status] [4876] firebase-admin has been stubbed. {"adminResolution":{"declared":true,"installed":true,"version":"9.12.0","resolution":"C:\\Users\\vale_\\Desktop\\Programmi\\Programmazione\\progettoamazon\\amazonclone\\functions\\node_modules\\firebase-admin\\lib\\index.js"}} {"metadata":{"emulator":{"name":"functions"},"function":{"name":"us-central1-api"},"message":"[runtime-status] [4876] firebase-admin has been stubbed. {\"adminResolution\":{\"declared\":true,\"installed\":true,\"version\":\"9.12.0\",\"resolution\":\"C:\\\\Users\\\\vale_\\\\Desktop\\\\Programmi\\\\Programmazione\\\\progettoamazon\\\\amazonclone\\\\functions\\\\node_modules\\\\firebase-admin\\\\lib\\\\index.js\"}}"}}
[debug] [2022-02-27T09:38:25.373Z] [runtime-status] [4876] Beginning invocation function api! {"metadata":{"emulator":{"name":"functions"},"function":{"name":"us-central1-api"},"message":"[runtime-status] [4876] Beginning invocation function api!"}}
[info] i  functions: Beginning execution of "api" {"metadata":{"emulator":{"name":"functions"},"function":{"name":"us-central1-api"},"message":"Beginning execution of \"api\""}}
[debug] [2022-02-27T09:38:25.377Z] [runtime-status] [4876] Running api in signature http {"metadata":{"emulator":{"name":"functions"},"function":{"name":"us-central1-api"},"message":"[runtime-status] [4876] Running api in signature http"}}
[debug] [2022-02-27T09:38:25.380Z] [runtime-status] [4876] Attempting to listen to socketPath: \\?\pipe\C:\Users\vale_\Desktop\Programmi\Programmazione\progettoamazon\amazonclone\functions\4876 {"metadata":{"emulator":{"name":"functions"},"function":{"name":"us-central1-api"},"message":"[runtime-status] [4876] Attempting to listen to socketPath: \\\\?\\pipe\\C:\\Users\\vale_\\Desktop\\Programmi\\Programmazione\\progettoamazon\\amazonclone\\functions\\4876"}}
[debug] [2022-02-27T09:38:25.388Z] [functions] Runtime ready! Sending request! {"metadata":{"emulator":{"name":"functions"},"message":"[functions] Runtime ready! Sending request!"}}
[debug] [2022-02-27T09:38:25.389Z] [functions] Got req.url=/clone-4dbed/us-central1/api, mapping to path=/ {"metadata":{"emulator":{"name":"functions"},"message":"[functions] Got req.url=/clone-4dbed/us-central1/api, mapping to path=/"}}
[debug] [2022-02-27T09:38:25.398Z] [runtime-status] [4876] Ephemeral server handling GET request {"metadata":{"emulator":{"name":"functions"},"function":{"name":"us-central1-api"},"message":"[runtime-status] [4876] Ephemeral server handling GET request"}}
[debug] [2022-02-27T09:38:25.406Z] [runtime-status] [4876] Ephemeral server survived. {"metadata":{"emulator":{"name":"functions"},"function":{"name":"us-central1-api"},"message":"[runtime-status] [4876] Ephemeral server survived."}}
[info] i  functions: Finished "api" in ~1s {"metadata":{"emulator":{"name":"functions"},"function":{"name":"us-central1-api"},"message":"Finished \"api\" in ~1s"}}
[debug] [2022-02-27T09:38:25.413Z] [worker-us-central1-api-4edf5eab-2f6e-4f59-a440-5e29e50b0fee]: IDLE {"metadata":{"emulator":{"name":"functions"},"message":"[worker-us-central1-api-4edf5eab-2f6e-4f59-a440-5e29e50b0fee]: IDLE"}}
[debug] [2022-02-27T09:38:25.413Z] [work-queue] {"queueLength":0,"workRunningCount":0}
[debug] [2022-02-27T09:38:25.476Z] Functions emulator received unknown request at path /favicon.ico
